#
# There is insufficient memory for the Java Runtime Environment to continue.
# Native memory allocation (mmap) failed to map 266338304 bytes for Failed to commit area from 0x0000000703600000 to 0x0000000713400000 of length 266338304.
# Possible reasons:
#   The system is out of physical RAM or swap space
#   The process is running with CompressedOops enabled, and the Java Heap may be blocking the growth of the native heap
# Possible solutions:
#   Reduce memory load on the system
#   Increase physical memory or swap space
#   Check if swap backing store is full
#   Decrease Java heap size (-Xmx/-Xms)
#   Decrease number of Java threads
#   Decrease Java thread stack sizes (-Xss)
#   Set larger code cache with -XX:ReservedCodeCacheSize=
# This output file may be truncated or incomplete.
#
#  Out of Memory Error (./src/hotspot/os/windows/os_windows.cpp:3387), pid=20640, tid=1628
#
# JRE version:  (11.0.14.1+1) (build )
# Java VM: OpenJDK 64-Bit Server VM (11.0.14.1+1, mixed mode, sharing, tiered, compressed oops, g1 gc, windows-amd64)
# No core dump will be written. Minidumps are not enabled by default on client versions of Windows
#

---------------  S U M M A R Y ------------

Command Line: -Dfile.encoding=UTF-8 

Host: Intel(R) Core(TM) i7-10750H CPU @ 2.60GHz, 12 cores, 15G,  Windows 11 , 64 bit Build 22621 (10.0.22621.3085)
Time: Mon Mar  4 16:16:23 2024 AUS Eastern Daylight Time elapsed time: 0.011200 seconds (0d 0h 0m 0s)

---------------  T H R E A D  ---------------

Current thread (0x000002baa8467800):  JavaThread "Unknown thread" [_thread_in_vm, id=1628, stack(0x000000dee0600000,0x000000dee0700000)]

Stack: [0x000000dee0600000,0x000000dee0700000]
Native frames: (J=compiled Java code, j=interpreted, Vv=VM code, C=native code)
V  [jvm.dll+0x61e59a]
V  [jvm.dll+0x7aaca9]
V  [jvm.dll+0x7ac398]
V  [jvm.dll+0x7aca73]
V  [jvm.dll+0x24f9b8]
V  [jvm.dll+0x61b83a]
V  [jvm.dll+0x6100c5]
V  [jvm.dll+0x30772c]
V  [jvm.dll+0x3075b2]
V  [jvm.dll+0x30c2d6]
V  [jvm.dll+0x35272f]
V  [jvm.dll+0x352160]
V  [jvm.dll+0x2e4728]
V  [jvm.dll+0x2e5886]
V  [jvm.dll+0x784b07]
V  [jvm.dll+0x78628f]
V  [jvm.dll+0x35f479]
V  [jvm.dll+0x767aa0]
V  [jvm.dll+0x3ccf1f]
V  [jvm.dll+0x3cf2b1]
C  [jli.dll+0x5207]
C  [ucrtbase.dll+0x29363]
C  [KERNEL32.DLL+0x1257d]
C  [ntdll.dll+0x5aa58]


---------------  P R O C E S S  ---------------

Threads class SMR info:
_java_thread_list=0x000002baa62fc8c0, length=0, elements={
}

Java Threads: ( => current thread )

Other Threads:
  0x000002baa847e000 GCTaskThread "GC Thread#0" [stack: 0x000000dee0700000,0x000000dee0800000] [id=30712]
  0x000002baa84e0800 ConcurrentGCThread "G1 Main Marker" [stack: 0x000000dee0800000,0x000000dee0900000] [id=34820]
  0x000002baa84e2000 ConcurrentGCThread "G1 Conc#0" [stack: 0x000000dee0900000,0x000000dee0a00000] [id=18148]

[error occurred during error reporting (printing all threads), id 0xc0000005, EXCEPTION_ACCESS_VIOLATION (0xc0000005) at pc=0x00007ffbb9fb3ef7]

VM state:not at safepoint (not fully initialized)

VM Mutex/Monitor currently owned by a thread:  ([mutex/lock_event])
[0x000002baa8463750] Heap_lock - owner thread: 0x000002baa8467800

Heap address: 0x0000000703600000, size: 4042 MB, Compressed Oops mode: Non-zero based: 0x0000000703600000
Narrow klass base: 0x0000000000000000, Narrow klass shift: 0

GC Heap History (0 events):
No events

Deoptimization events (0 events):
No events

Classes redefined (0 events):
No events

Internal exceptions (0 events):
No events

Events (1 events):
Event: 0.007 Loaded shared library C:\Program Files\Unity\Hub\Editor\2022.3.20f1\Editor\Data\PlaybackEngines\AndroidPlayer\OpenJDK\bin\zip.dll


Dynamic libraries:
0x00007ff7e67d0000 - 0x00007ff7e67dd000 	C:\Program Files\Unity\Hub\Editor\2022.3.20f1\Editor\Data\PlaybackEngines\AndroidPlayer\OpenJDK\bin\java.exe
0x00007ffc72570000 - 0x00007ffc72787000 	C:\WINDOWS\SYSTEM32\ntdll.dll
0x00007ffc70fb0000 - 0x00007ffc71074000 	C:\WINDOWS\System32\KERNEL32.DLL
0x00007ffc6fd40000 - 0x00007ffc700e6000 	C:\WINDOWS\System32\KERNELBASE.dll
0x00007ffc6fb10000 - 0x00007ffc6fc21000 	C:\WINDOWS\System32\ucrtbase.dll
0x00007ffc02080000 - 0x00007ffc02097000 	C:\Program Files\Unity\Hub\Editor\2022.3.20f1\Editor\Data\PlaybackEngines\AndroidPlayer\OpenJDK\bin\jli.dll
0x00007ffc02060000 - 0x00007ffc02075000 	C:\Program Files\Unity\Hub\Editor\2022.3.20f1\Editor\Data\PlaybackEngines\AndroidPlayer\OpenJDK\bin\VCRUNTIME140.dll
0x00007ffc71080000 - 0x00007ffc7122e000 	C:\WINDOWS\System32\USER32.dll
0x00007ffc4d090000 - 0x00007ffc4d323000 	C:\WINDOWS\WinSxS\amd64_microsoft.windows.common-controls_6595b64144ccf1df_6.0.22621.2506_none_270c5ae97388e100\COMCTL32.dll
0x00007ffc70290000 - 0x00007ffc702b6000 	C:\WINDOWS\System32\win32u.dll
0x00007ffc720f0000 - 0x00007ffc72197000 	C:\WINDOWS\System32\msvcrt.dll
0x00007ffc702c0000 - 0x00007ffc702e9000 	C:\WINDOWS\System32\GDI32.dll
0x00007ffc700f0000 - 0x00007ffc70208000 	C:\WINDOWS\System32\gdi32full.dll
0x00007ffc6fc30000 - 0x00007ffc6fcca000 	C:\WINDOWS\System32\msvcp_win.dll
0x00007ffc714b0000 - 0x00007ffc714e1000 	C:\WINDOWS\System32\IMM32.DLL
0x00007ffc01fc0000 - 0x00007ffc0205b000 	C:\Program Files\Unity\Hub\Editor\2022.3.20f1\Editor\Data\PlaybackEngines\AndroidPlayer\OpenJDK\bin\msvcp140.dll
0x00007ffbb9cc0000 - 0x00007ffbba841000 	C:\Program Files\Unity\Hub\Editor\2022.3.20f1\Editor\Data\PlaybackEngines\AndroidPlayer\OpenJDK\bin\server\jvm.dll
0x00007ffc71a40000 - 0x00007ffc71af3000 	C:\WINDOWS\System32\ADVAPI32.dll
0x00007ffc70370000 - 0x00007ffc70418000 	C:\WINDOWS\System32\sechost.dll
0x00007ffc6fae0000 - 0x00007ffc6fb08000 	C:\WINDOWS\System32\bcrypt.dll
0x00007ffc72330000 - 0x00007ffc72447000 	C:\WINDOWS\System32\RPCRT4.dll
0x00007ffc720e0000 - 0x00007ffc720e8000 	C:\WINDOWS\System32\PSAPI.DLL
0x00007ffc3e870000 - 0x00007ffc3e879000 	C:\WINDOWS\SYSTEM32\WSOCK32.dll
0x00007ffc5fb50000 - 0x00007ffc5fb84000 	C:\WINDOWS\SYSTEM32\WINMM.dll
0x00007ffc5ecf0000 - 0x00007ffc5ecfa000 	C:\WINDOWS\SYSTEM32\VERSION.dll
0x00007ffc72050000 - 0x00007ffc720c1000 	C:\WINDOWS\System32\WS2_32.dll
0x00007ffc6e9a0000 - 0x00007ffc6e9b8000 	C:\WINDOWS\SYSTEM32\kernel.appcore.dll
0x00007ffc450f0000 - 0x00007ffc45100000 	C:\Program Files\Unity\Hub\Editor\2022.3.20f1\Editor\Data\PlaybackEngines\AndroidPlayer\OpenJDK\bin\verify.dll
0x00007ffc6a140000 - 0x00007ffc6a373000 	C:\WINDOWS\SYSTEM32\DBGHELP.DLL
0x00007ffc71b00000 - 0x00007ffc71e89000 	C:\WINDOWS\System32\combase.dll
0x00007ffc72450000 - 0x00007ffc72527000 	C:\WINDOWS\System32\OLEAUT32.dll
0x00007ffc5ecb0000 - 0x00007ffc5ece2000 	C:\WINDOWS\SYSTEM32\dbgcore.DLL
0x00007ffc70210000 - 0x00007ffc7028a000 	C:\WINDOWS\System32\bcryptPrimitives.dll
0x00007ffc01f90000 - 0x00007ffc01fb8000 	C:\Program Files\Unity\Hub\Editor\2022.3.20f1\Editor\Data\PlaybackEngines\AndroidPlayer\OpenJDK\bin\java.dll
0x00007ffc44ef0000 - 0x00007ffc44efa000 	C:\Program Files\Unity\Hub\Editor\2022.3.20f1\Editor\Data\PlaybackEngines\AndroidPlayer\OpenJDK\bin\jimage.dll
0x00007ffc01f70000 - 0x00007ffc01f88000 	C:\Program Files\Unity\Hub\Editor\2022.3.20f1\Editor\Data\PlaybackEngines\AndroidPlayer\OpenJDK\bin\zip.dll

dbghelp: loaded successfully - version: 4.0.5 - missing functions: none
symbol engine: initialized successfully - sym options: 0x614 - pdb path: .;C:\Program Files\Unity\Hub\Editor\2022.3.20f1\Editor\Data\PlaybackEngines\AndroidPlayer\OpenJDK\bin;C:\WINDOWS\SYSTEM32;C:\WINDOWS\WinSxS\amd64_microsoft.windows.common-controls_6595b64144ccf1df_6.0.22621.2506_none_270c5ae97388e100;C:\Program Files\Unity\Hub\Editor\2022.3.20f1\Editor\Data\PlaybackEngines\AndroidPlayer\OpenJDK\bin\server

VM Arguments:
jvm_args: -Dfile.encoding=UTF-8 
java_command: <unknown>
java_class_path (initial): <not set>
Launcher Type: SUN_STANDARD

[Global flags]
     intx CICompilerCount                          = 4                                         {product} {ergonomic}
     uint ConcGCThreads                            = 3                                         {product} {ergonomic}
     uint G1ConcRefinementThreads                  = 10                                        {product} {ergonomic}
   size_t G1HeapRegionSize                         = 1048576                                   {product} {ergonomic}
    uintx GCDrainStackTargetSize                   = 64                                        {product} {ergonomic}
   size_t InitialHeapSize                          = 266338304                                 {product} {ergonomic}
   size_t MarkStackSize                            = 4194304                                   {product} {ergonomic}
   size_t MaxHeapSize                              = 4238344192                                {product} {ergonomic}
   size_t MinHeapDeltaBytes                        = 1048576                                   {product} {ergonomic}
    uintx NonNMethodCodeHeapSize                   = 5836300                                {pd product} {ergonomic}
    uintx NonProfiledCodeHeapSize                  = 122910970                              {pd product} {ergonomic}
    uintx ProfiledCodeHeapSize                     = 122910970                              {pd product} {ergonomic}
    uintx ReservedCodeCacheSize                    = 251658240                              {pd product} {ergonomic}
     bool SegmentedCodeCache                       = true                                      {product} {ergonomic}
     bool UseCompressedClassPointers               = true                                 {lp64_product} {ergonomic}
     bool UseCompressedOops                        = true                                 {lp64_product} {ergonomic}
     bool UseG1GC                                  = true                                      {product} {ergonomic}
     bool UseLargePagesIndividualAllocation        = false                                  {pd product} {ergonomic}

Logging:
Log output configuration:
 #0: stdout all=warning uptime,level,tags
 #1: stderr all=off uptime,level,tags

Environment Variables:
JAVA_HOME=C:\Program Files\Java\jdk-17.0.1
JAVA_TOOL_OPTIONS=-Dfile.encoding=UTF-8
PATH=C:\Program Files\Oculus\Support\oculus-runtime;C:\Users\micha\AppData\Local\Programs\Python\Python310;C:\Program Files\Java\jdk-17.0.1\bin;C:\Program Files\Java\jdk-15.0.2\C:\Program Files\Java\jdk-17.0.1\bin;C:\Program Files (x86)\Razer Chroma SDK\bin;C:\Program Files\Razer Chroma SDK\bin;C:\Program Files (x86)\Common Files\Oracle\Java\javapath;C:\Program Files (x86)\Common Files\Intel\Shared Libraries\redist\intel64\compiler;C:\Program Files (x86)\Razer\ChromaBroadcast\bin;C:\Program Files\Razer\ChromaBroadcast\bin;C:\ProgramData\Oracle\Java\javapath;C:\Windows\system32;C:\Windows;C:\Windows\System32\Wbem;C:\Windows\System32\WindowsPowerShell\v1.0\;C:\Windows\System32\OpenSSH\;C:\Program Files\NVIDIA Corporation\NVIDIA NvDLISR;C:\WINDOWS\system32;C:\WINDOWS;C:\WINDOWS\System32\Wbem;C:\WINDOWS\System32\WindowsPowerShell\v1.0\;C:\WINDOWS\System32\OpenSSH\;C:\WINDOWS\system32\config\systemprofile\AppData\Local\Microsoft\WindowsApps;C:\Program Files\Git\cmd;C:\Program Files (x86)\NVIDIA Corporation\PhysX\Common;C:\Program Files\nodejs\;C:\Program Files (x86)\Microsoft SQL Server\150\DTS\Binn\;C:\Program Files\Azure Data Studio\bin;C:\Program Files (x86)\Microsoft SQL Server\130\Tools\Binn\;C:\Program Files\Microsoft SQL Server\130\Tools\Binn\;C:\Program Files (x86)\Microsoft SQL Server\130\DTS\Binn\;C:\Program Files\Microsoft SQL Server\130\DTS\Binn\;C:\Program Files\Microsoft SQL Server\Client SDK\ODBC\130\Tools\Binn\;C:\Program Files\Java\jre1.8.0_311\bin;C:\Users\micha\Downloads\JavaBin\apache-maven-3.8.4-bin\apache-maven-3.8.4\bin;C:\Program Files (x86)\PaperFanz\Laser;C:\Program Files\AdoptOpenJDK\jdk-16.0.1.9-hotspot\bin;C:\WINDOWS\system32;C:\WINDOWS;C:\WINDOWS\System32\Wbem;C:\WINDOWS\System32\WindowsPowerShell\v1.0\;C:\WINDOWS\System32\OpenSSH\;C:\Program Files\PuTTY\;C:\Program Files\dotnet\;C:\Program Files\swipl\bin;C:\Program Files (x86)\Microsoft SQL Server\160\Tools\Binn\;C:\Program Files\Microsoft SQL Server\160\Tools\Binn\;C:\Program Files\Microsoft
USERNAME=micha
OS=Windows_NT
PROCESSOR_IDENTIFIER=Intel64 Family 6 Model 165 Stepping 2, GenuineIntel



---------------  S Y S T E M  ---------------

OS: Windows 11 , 64 bit Build 22621 (10.0.22621.3085)
OS uptime: 4 days 3:21 hours
Hyper-V role detected

CPU:total 12 (initial active 12) (6 cores per cpu, 2 threads per core) family 6 model 165 stepping 2 microcode 0xe0, cmov, cx8, fxsr, mmx, sse, sse2, sse3, ssse3, sse4.1, sse4.2, popcnt, avx, avx2, aes, clmul, erms, 3dnowpref, lzcnt, ht, tsc, tscinvbit, bmi1, bmi2, adx, fma

Memory: 4k page, system-wide physical 16166M (2439M free)
TotalPageFile size 28166M (AvailPageFile size 200M)
current process WorkingSet (physical memory assigned to process): 11M, peak: 11M
current process commit charge ("private bytes"): 65M, peak: 319M

vm_info: OpenJDK 64-Bit Server VM (11.0.14.1+1) for windows-amd64 JRE (11.0.14.1+1), built on Feb  9 2022 01:48:27 by "" with unknown MS VC++:1916

END.
